<?xml version="1.0" encoding="utf-8"?><testsuites name="pytest tests"><testsuite name="pytest" errors="0" failures="0" skipped="1" tests="35" time="17.994" timestamp="2026-02-26T18:41:18.074742+00:00" hostname="agent-env-95f06773-3cff-44f1-97d0-3e24238d0a52"><testcase classname="backend.tests.test_league_quiz_viewer.TestLeagueMatchAPI" name="test_get_teams" time="0.163" /><testcase classname="backend.tests.test_league_quiz_viewer.TestLeagueMatchAPI" name="test_create_match" time="0.358" /><testcase classname="backend.tests.test_league_quiz_viewer.TestLeagueMatchAPI" name="test_create_match_same_team_allowed" time="0.383" /><testcase classname="backend.tests.test_league_quiz_viewer.TestLeagueMatchAPI" name="test_get_matches" time="0.278" /><testcase classname="backend.tests.test_league_quiz_viewer.TestLeagueMatchAPI" name="test_update_match_score" time="0.573" /><testcase classname="backend.tests.test_league_quiz_viewer.TestLeagueMatchAPI" name="test_update_nonexistent_match" time="0.156" /><testcase classname="backend.tests.test_league_quiz_viewer.TestLeagueMatchAPI" name="test_delete_match" time="0.450" /><testcase classname="backend.tests.test_league_quiz_viewer.TestLeagueMatchAPI" name="test_delete_nonexistent_match" time="0.259" /><testcase classname="backend.tests.test_league_quiz_viewer.TestLeagueMatchAPI" name="test_standings_calculation" time="0.299" /><testcase classname="backend.tests.test_league_quiz_viewer.TestLeagueMatchAPI" name="test_standings_update_after_match" time="0.861" /><testcase classname="backend.tests.test_league_quiz_viewer.TestQuizAnswerAPI" name="test_get_competitions" time="1.183" /><testcase classname="backend.tests.test_league_quiz_viewer.TestQuizAnswerAPI" name="test_quiz_answer_requires_valid_student" time="0.137" /><testcase classname="backend.tests.test_league_quiz_viewer.TestQuizAnswerAPI" name="test_quiz_answer_requires_valid_competition" time="0.152" /><testcase classname="backend.tests.test_league_quiz_viewer.TestQuizAnswerAPI" name="test_quiz_answer_flow" time="1.215" /><testcase classname="backend.tests.test_league_quiz_viewer.TestQuizAnswerAPI" name="test_get_quiz_submissions" time="0.000"><skipped type="pytest.skip" message="No student or competition available for test">/app/backend/tests/test_league_quiz_viewer.py:355: No student or competition available for test</skipped></testcase><testcase classname="backend.tests.test_league_quiz_viewer.TestViewerPageAPI" name="test_viewer_all_data" time="0.903" /><testcase classname="backend.tests.test_league_quiz_viewer.TestViewerPageAPI" name="test_viewer_standings_sorted" time="0.846" /><testcase classname="backend.tests.test_league_quiz_viewer.TestViewerPageAPI" name="test_viewer_students_sorted_by_points" time="0.885" /><testcase classname="backend.tests.test_league_quiz_viewer.TestCategoryAPI" name="test_get_deduction_categories" time="0.135" /><testcase classname="backend.tests.test_league_quiz_viewer.TestCategoryAPI" name="test_get_positive_categories" time="0.221" /><testcase classname="backend.tests.test_weekly_tasks.TestWeeklyTasksDistribution" name="test_get_task_types" time="1.241" /><testcase classname="backend.tests.test_weekly_tasks.TestWeeklyTasksDistribution" name="test_get_social_items" time="0.134" /><testcase classname="backend.tests.test_weekly_tasks.TestWeeklyTasksDistribution" name="test_distribute_tasks" time="0.105" /><testcase classname="backend.tests.test_weekly_tasks.TestWeeklyTasksDistribution" name="test_get_active_tasks" time="0.128" /><testcase classname="backend.tests.test_weekly_tasks.TestWeeklyTasksDistribution" name="test_get_team_tasks" time="0.122" /><testcase classname="backend.tests.test_weekly_tasks.TestTaskAssignment" name="test_assign_task_to_student" time="1.232" /><testcase classname="backend.tests.test_weekly_tasks.TestTaskAssignment" name="test_assign_task_invalid_id" time="0.231" /><testcase classname="backend.tests.test_weekly_tasks.TestSocialItemReservation" name="test_reserve_social_item_success" time="1.141" /><testcase classname="backend.tests.test_weekly_tasks.TestSocialItemReservation" name="test_same_student_cannot_reserve_twice" time="0.271" /><testcase classname="backend.tests.test_weekly_tasks.TestSocialItemReservation" name="test_same_item_cannot_be_reserved_twice_in_team" time="0.308" /><testcase classname="backend.tests.test_weekly_tasks.TestSocialItemReservation" name="test_reserve_invalid_item" time="0.126" /><testcase classname="backend.tests.test_weekly_tasks.TestSpecialDinner" name="test_create_special_dinner" time="1.257" /><testcase classname="backend.tests.test_weekly_tasks.TestSpecialDinner" name="test_create_special_dinner_without_student" time="0.489" /><testcase classname="backend.tests.test_weekly_tasks.TestSpecialDinner" name="test_delete_special_dinner" time="0.824" /><testcase classname="backend.tests.test_weekly_tasks.TestClearTasks" name="test_clear_tasks" time="0.793" /></testsuite></testsuites>